Build started 2013-05-31 오후 9:22:55.
     1>Project "C:\Users\kwon\Documents\GitHub\kinectHR\kinectUI\kinectUI\kinectUI.vcxproj" on node 2 (build target(s)).
     1>InitializeBuildStatus:
         Creating "Debug\kinectUI.unsuccessfulbuild" because "AlwaysCreate" was specified.
       ClCompile:
         All outputs are up-to-date.
         All outputs are up-to-date.
       ResourceCompile:
         All outputs are up-to-date.
       ManifestResourceCompile:
         All outputs are up-to-date.
       Link:
         All outputs are up-to-date.
       Manifest:
         C:\Program Files\Microsoft SDKs\Windows\v7.0A\bin\mt.exe /nologo /verbose /out:"Debug\kinectUI.exe.embed.manifest" /manifest Debug\kinectUI.exe.intermediate.manifest "C:\Program Files\Microsoft Visual Studio 10.0\VC\Include\Manifest\dpiaware.manifest"
         All outputs are up-to-date.
       FinalizeBuildStatus:
         Deleting file "Debug\kinectUI.unsuccessfulbuild".
         Touching "Debug\kinectUI.lastbuildstate".
     1>Done Building Project "C:\Users\kwon\Documents\GitHub\kinectHR\kinectUI\kinectUI\kinectUI.vcxproj" (build target(s)).

빌드했습니다.

Time Elapsed 00:00:00.19
