C:\Users\kwon\Documents\GitHub\kinectHR\KinectBridgeWithOpenCVBasics-D2D\Debug\cl.command.1.tlog
C:\Users\kwon\Documents\GitHub\kinectHR\KinectBridgeWithOpenCVBasics-D2D\Debug\CL.read.1.tlog
C:\Users\kwon\Documents\GitHub\kinectHR\KinectBridgeWithOpenCVBasics-D2D\Debug\CL.write.1.tlog
C:\USERS\KWON\DOCUMENTS\GITHUB\KINECTHR\KINECTBRIDGEWITHOPENCVBASICS-D2D\DEBUG\FRAMERATETRACKER.OBJ
C:\USERS\KWON\DOCUMENTS\GITHUB\KINECTHR\KINECTBRIDGEWITHOPENCVBASICS-D2D\DEBUG\KINECTBRIDGEWITHOPENCVBASICS-D2D.EXE
C:\USERS\KWON\DOCUMENTS\GITHUB\KINECTHR\KINECTBRIDGEWITHOPENCVBASICS-D2D\DEBUG\KINECTBRIDGEWITHOPENCVBASICS-D2D.EXE.INTERMEDIATE.MANIFEST
C:\USERS\KWON\DOCUMENTS\GITHUB\KINECTHR\KINECTBRIDGEWITHOPENCVBASICS-D2D\DEBUG\KINECTBRIDGEWITHOPENCVBASICS-D2D.EXE.MANIFEST
C:\USERS\KWON\DOCUMENTS\GITHUB\KINECTHR\KINECTBRIDGEWITHOPENCVBASICS-D2D\DEBUG\KINECTBRIDGEWITHOPENCVBASICS-D2D.PDB
C:\USERS\KWON\DOCUMENTS\GITHUB\KINECTHR\KINECTBRIDGEWITHOPENCVBASICS-D2D\DEBUG\KINECTBRIDGEWITHOPENCVBASICS-D2D.RES
C:\Users\kwon\Documents\GitHub\kinectHR\KinectBridgeWithOpenCVBasics-D2D\Debug\KinectDialog.ilk
C:\Users\kwon\Documents\GitHub\kinectHR\KinectBridgeWithOpenCVBasics-D2D\Debug\KinectDialog.pdb
C:\Users\kwon\Documents\GitHub\kinectHR\KinectBridgeWithOpenCVBasics-D2D\Debug\link.command.1.tlog
C:\Users\kwon\Documents\GitHub\kinectHR\KinectBridgeWithOpenCVBasics-D2D\Debug\link.read.1.tlog
C:\Users\kwon\Documents\GitHub\kinectHR\KinectBridgeWithOpenCVBasics-D2D\Debug\link.write.1.tlog
C:\Users\kwon\Documents\GitHub\kinectHR\KinectBridgeWithOpenCVBasics-D2D\Debug\link-cvtres.read.1.tlog
C:\Users\kwon\Documents\GitHub\kinectHR\KinectBridgeWithOpenCVBasics-D2D\Debug\link-cvtres.write.1.tlog
C:\USERS\KWON\DOCUMENTS\GITHUB\KINECTHR\KINECTBRIDGEWITHOPENCVBASICS-D2D\DEBUG\MAINWINDOW.OBJ
C:\Users\kwon\Documents\GitHub\kinectHR\KinectBridgeWithOpenCVBasics-D2D\Debug\mt.command.1.tlog
C:\Users\kwon\Documents\GitHub\kinectHR\KinectBridgeWithOpenCVBasics-D2D\Debug\mt.read.1.tlog
C:\Users\kwon\Documents\GitHub\kinectHR\KinectBridgeWithOpenCVBasics-D2D\Debug\mt.write.1.tlog
C:\USERS\KWON\DOCUMENTS\GITHUB\KINECTHR\KINECTBRIDGEWITHOPENCVBASICS-D2D\DEBUG\OPENCVFRAMEHELPER.OBJ
C:\USERS\KWON\DOCUMENTS\GITHUB\KINECTHR\KINECTBRIDGEWITHOPENCVBASICS-D2D\DEBUG\OPENCVHELPER.OBJ
C:\Users\kwon\Documents\GitHub\kinectHR\KinectBridgeWithOpenCVBasics-D2D\Debug\rc.command.1.tlog
C:\Users\kwon\Documents\GitHub\kinectHR\KinectBridgeWithOpenCVBasics-D2D\Debug\rc.read.1.tlog
C:\Users\kwon\Documents\GitHub\kinectHR\KinectBridgeWithOpenCVBasics-D2D\Debug\rc.write.1.tlog
C:\Users\kwon\Documents\GitHub\kinectHR\KinectBridgeWithOpenCVBasics-D2D\Debug\vc100.idb
C:\USERS\KWON\DOCUMENTS\GITHUB\KINECTHR\KINECTBRIDGEWITHOPENCVBASICS-D2D\DEBUG\VC100.PDB
