Build started 2013-04-21 오후 10:00:45.
     1>Project "C:\Users\kwon\Documents\GitHub\kinectHR\KinectBridgeWithOpenCVBasics-D2D\KinectBridgeWithOpenCVBasics-D2D.vcxproj" on node 2 (build target(s)).
     1>InitializeBuildStatus:
         Creating "Debug\KinectBridgeWithOpenCVBasics-D2D.unsuccessfulbuild" because "AlwaysCreate" was specified.
       ClCompile:
         C:\Program Files\Microsoft Visual Studio 10.0\VC\bin\CL.exe /c /Zi /nologo /W3 /WX- /Od /Oy- /D WIN32 /D _DEBUG /D _WINDOWS /D _UNICODE /D UNICODE /Gm /EHsc /RTC1 /MTd /GS /fp:precise /Zc:wchar_t /Zc:forScope /Fo"Debug\\" /Fd"Debug\vc100.pdb" /Gd /TP /analyze- /errorReport:prompt MainWindow.cpp
         MainWindow.cpp
       ResourceCompile:
         All outputs are up-to-date.
       Link:
         C:\Program Files\Microsoft Visual Studio 10.0\VC\bin\link.exe /ERRORREPORT:PROMPT /OUT:"C:\Users\kwon\Documents\GitHub\kinectHR\KinectBridgeWithOpenCVBasics-D2D\Debug\KinectBridgeWithOpenCVBasics-D2D.exe" /INCREMENTAL:NO /NOLOGO opencv_core243.lib opencv_imgproc243.lib opencv_highgui243.lib Kinect10.lib comctl32.lib kernel32.lib user32.lib gdi32.lib winspool.lib comdlg32.lib advapi32.lib shell32.lib ole32.lib oleaut32.lib uuid.lib odbc32.lib odbccp32.lib /MANIFEST /ManifestFile:"Debug\KinectBridgeWithOpenCVBasics-D2D.exe.intermediate.manifest" /MANIFESTUAC:"level='asInvoker' uiAccess='false'" /DEBUG /PDB:"C:\Users\kwon\Documents\GitHub\kinectHR\KinectBridgeWithOpenCVBasics-D2D\Debug\KinectBridgeWithOpenCVBasics-D2D.pdb" /SUBSYSTEM:WINDOWS /TLBID:1 /DYNAMICBASE /NXCOMPAT /IMPLIB:"C:\Users\kwon\Documents\GitHub\kinectHR\KinectBridgeWithOpenCVBasics-D2D\Debug\KinectBridgeWithOpenCVBasics-D2D.lib" /MACHINE:X86 "Debug\KinectBridgeWithOpenCVBasics-D2D.res"
         Debug\FrameRateTracker.obj
         Debug\MainWindow.obj
         Debug\OpenCVFrameHelper.obj
         Debug\OpenCVHelper.obj
         KinectBridgeWithOpenCVBasics-D2D.vcxproj -> C:\Users\kwon\Documents\GitHub\kinectHR\KinectBridgeWithOpenCVBasics-D2D\Debug\KinectBridgeWithOpenCVBasics-D2D.exe
       Manifest:
         C:\Program Files\Microsoft SDKs\Windows\v7.0A\bin\mt.exe /nologo /verbose /out:"C:\Users\kwon\Documents\GitHub\kinectHR\KinectBridgeWithOpenCVBasics-D2D\Debug\KinectBridgeWithOpenCVBasics-D2D.exe.manifest" /manifest "Debug\KinectBridgeWithOpenCVBasics-D2D.exe.intermediate.manifest"
       FinalizeBuildStatus:
         Deleting file "Debug\KinectBridgeWithOpenCVBasics-D2D.unsuccessfulbuild".
         Touching "Debug\KinectBridgeWithOpenCVBasics-D2D.lastbuildstate".
     1>Done Building Project "C:\Users\kwon\Documents\GitHub\kinectHR\KinectBridgeWithOpenCVBasics-D2D\KinectBridgeWithOpenCVBasics-D2D.vcxproj" (build target(s)).

빌드했습니다.

Time Elapsed 00:00:04.56
