Build started 2013-06-04 오후 6:25:24.
     1>Project "C:\Users\kwon\Documents\GitHub\kinectHR\kinectUI\kinectUI\kinectUI.vcxproj" on node 2 (build target(s)).
     1>InitializeBuildStatus:
         Creating "Release\kinectUI.unsuccessfulbuild" because "AlwaysCreate" was specified.
       ClCompile:
         All outputs are up-to-date.
         All outputs are up-to-date.
       ResourceCompile:
         C:\Program Files\Microsoft SDKs\Windows\v7.0A\bin\rc.exe /D NDEBUG /D _UNICODE /D UNICODE /D _AFXDLL /l"0x0412" /IRelease\ /nologo /fo"Release\kinectUI.res" kinectUI.rc 
       Link:
         C:\Program Files\Microsoft Visual Studio 10.0\VC\bin\link.exe /ERRORREPORT:PROMPT /OUT:"C:\Users\kwon\Documents\GitHub\kinectHR\kinectUI\Release\kinectUI.exe" /INCREMENTAL:NO /NOLOGO opencv_calib3d243.lib opencv_contrib243.lib opencv_core243.lib opencv_features2d243.lib opencv_flann243.lib opencv_gpu243.lib opencv_haartraining_engined.lib opencv_highgui243.lib opencv_imgproc243.lib opencv_legacy243.lib opencv_ml243.lib opencv_nonfree243.lib opencv_objdetect243.lib opencv_photo243.lib opencv_stitching243.lib opencv_ts243.lib opencv_video243.lib opencv_videostab243.lib Kinect10.lib /MANIFEST /ManifestFile:"Release\kinectUI.exe.intermediate.manifest" /MANIFESTUAC:"level='asInvoker' uiAccess='false'" /DEBUG /PDB:"C:\Users\kwon\Documents\GitHub\kinectHR\kinectUI\Release\kinectUI.pdb" /SUBSYSTEM:WINDOWS /STACK:"2097152" /OPT:REF /OPT:ICF /LTCG /TLBID:1 /ENTRY:"wWinMainCRTStartup" /DYNAMICBASE /NXCOMPAT /IMPLIB:"C:\Users\kwon\Documents\GitHub\kinectHR\kinectUI\Release\kinectUI.lib" /MACHINE:X86 Release\kinectUI.res
         Release\CkinectLearn.obj
         Release\CkinectReco.obj
         Release\common.obj
         Release\CvvImage.obj
         Release\kinectStream.obj
         Release\kinectUI.obj
         Release\kinectUIDlg.obj
         Release\simpleDTW.obj
         Release\stdafx.obj
         코드를 생성하고 있습니다.
         코드를 생성했습니다.
         kinectUI.vcxproj -> C:\Users\kwon\Documents\GitHub\kinectHR\kinectUI\Release\kinectUI.exe
       Manifest:
         C:\Program Files\Microsoft SDKs\Windows\v7.0A\bin\mt.exe /nologo /verbose /outputresource:"C:\Users\kwon\Documents\GitHub\kinectHR\kinectUI\Release\kinectUI.exe;#1" /manifest Release\kinectUI.exe.intermediate.manifest "C:\Program Files\Microsoft Visual Studio 10.0\VC\Include\Manifest\dpiaware.manifest"
       FinalizeBuildStatus:
         Deleting file "Release\kinectUI.unsuccessfulbuild".
         Touching "Release\kinectUI.lastbuildstate".
     1>Done Building Project "C:\Users\kwon\Documents\GitHub\kinectHR\kinectUI\kinectUI\kinectUI.vcxproj" (build target(s)).

빌드했습니다.

Time Elapsed 00:00:02.44
