빌드 시작: 2013-01-29 오후 6:31:40
     1>2 노드의 "c:\Users\administrator\documents\visual studio 2010\Projects\IRStream\IRStream\IRStream.vcxproj" 프로젝트(build 대상)입니다.
     1>InitializeBuildStatus:
         "Debug\IRStream.unsuccessfulbuild"에 연결(touching)하고 있습니다.
       ClCompile:
         C:\Program Files\Microsoft Visual Studio 10.0\VC\bin\CL.exe /c /ZI /nologo /W3 /WX- /Od /Oy- /D _MBCS /Gm /EHsc /RTC1 /MDd /GS /fp:precise /Zc:wchar_t /Zc:forScope /Fo"Debug\\" /Fd"Debug\vc100.pdb" /Gd /TP /analyze- /errorReport:prompt main.cpp
         main.cpp
     1>c:\users\administrator\downloads\opencv\build\include\opencv2\flann\dist.h : warning C4819: 현재 코드 페이지(949)에서 표시할 수 없는 문자가 파일에 들어 있습니다. 데이터가 손실되지 않게 하려면 해당 파일을 유니코드 형식으로 저장하십시오.
     1>c:\users\administrator\downloads\opencv\build\include\opencv2\flann\dist.h : warning C4819: 현재 코드 페이지(949)에서 표시할 수 없는 문자가 파일에 들어 있습니다. 데이터가 손실되지 않게 하려면 해당 파일을 유니코드 형식으로 저장하십시오.
     1>c:\users\administrator\downloads\opencv\build\include\opencv2\flann\dist.h : warning C4819: 현재 코드 페이지(949)에서 표시할 수 없는 문자가 파일에 들어 있습니다. 데이터가 손실되지 않게 하려면 해당 파일을 유니코드 형식으로 저장하십시오.
     1>c:\users\administrator\downloads\opencv\build\include\opencv2\flann\dist.h : warning C4819: 현재 코드 페이지(949)에서 표시할 수 없는 문자가 파일에 들어 있습니다. 데이터가 손실되지 않게 하려면 해당 파일을 유니코드 형식으로 저장하십시오.
     1>c:\users\administrator\documents\visual studio 2010\projects\irstream\irstream\main.cpp(140): warning C4244: '초기화 중' : 'USHORT'에서 'BYTE'(으)로 변환하면서 데이터가 손실될 수 있습니다.
       Link:
         C:\Program Files\Microsoft Visual Studio 10.0\VC\bin\link.exe /ERRORREPORT:PROMPT /OUT:"c:\users\administrator\documents\visual studio 2010\Projects\IRStream\Debug\IRStream.exe" /NOLOGO opencv_calib3d243d.lib opencv_contrib243d.lib opencv_core243d.lib opencv_features2d243d.lib opencv_flann243d.lib opencv_gpu243d.lib opencv_haartraining_engined.lib opencv_highgui243d.lib opencv_imgproc243d.lib opencv_legacy243d.lib opencv_ml243d.lib opencv_nonfree243d.lib opencv_objdetect243d.lib opencv_photo243d.lib opencv_stitching243d.lib opencv_ts243d.lib opencv_video243d.lib opencv_videostab243d.lib Kinect10.lib kernel32.lib user32.lib gdi32.lib winspool.lib comdlg32.lib advapi32.lib shell32.lib ole32.lib oleaut32.lib uuid.lib odbc32.lib odbccp32.lib /MANIFEST /ManifestFile:"Debug\IRStream.exe.intermediate.manifest" /MANIFESTUAC:"level='asInvoker' uiAccess='false'" /DEBUG /PDB:"c:\users\administrator\documents\visual studio 2010\Projects\IRStream\Debug\IRStream.pdb" /TLBID:1 /DYNAMICBASE /NXCOMPAT /IMPLIB:"c:\users\administrator\documents\visual studio 2010\Projects\IRStream\Debug\IRStream.lib" /MACHINE:X86 Debug\main.obj
         IRStream.vcxproj -> c:\users\administrator\documents\visual studio 2010\Projects\IRStream\Debug\IRStream.exe
       Manifest:
         C:\Program Files\Microsoft SDKs\Windows\v7.0A\bin\mt.exe /nologo /verbose /outputresource:"c:\users\administrator\documents\visual studio 2010\Projects\IRStream\Debug\IRStream.exe;#1" /manifest Debug\IRStream.exe.intermediate.manifest
       FinalizeBuildStatus:
         "Debug\IRStream.unsuccessfulbuild" 파일을 삭제하고 있습니다.
         "Debug\IRStream.lastbuildstate"에 연결(touching)하고 있습니다.
     1>"c:\Users\administrator\documents\visual studio 2010\Projects\IRStream\IRStream\IRStream.vcxproj" 프로젝트를 빌드했습니다(build 대상).

빌드했습니다.

경과 시간: 00:00:02.74
