Build started 2013-04-18 오후 4:16:40.
     1>Project "C:\Users\kwon\Documents\GitHub\kinectHR\KinectBridgeWithOpenCVBasics-D2D\KinectMain\KinectMain.vcxproj" on node 2 (build target(s)).
     1>InitializeBuildStatus:
         Creating "Debug\KinectMain.unsuccessfulbuild" because "AlwaysCreate" was specified.
       ClCompile:
         C:\Program Files\Microsoft Visual Studio 10.0\VC\bin\CL.exe /c /ZI /nologo /W3 /WX- /Od /Oy- /D WIN32 /D _WINDOWS /D _DEBUG /D _UNICODE /D UNICODE /D _AFXDLL /Gm /EHsc /RTC1 /MDd /GS /fp:precise /Zc:wchar_t /Zc:forScope /Yc"StdAfx.h" /Fp"Debug\KinectMain.pch" /Fo"Debug\\" /Fd"Debug\vc100.pdb" /Gd /TP /analyze- /errorReport:prompt stdafx.cpp
         stdafx.cpp
         C:\Program Files\Microsoft Visual Studio 10.0\VC\bin\CL.exe /c /ZI /nologo /W3 /WX- /Od /Oy- /D WIN32 /D _WINDOWS /D _DEBUG /D _UNICODE /D UNICODE /D _AFXDLL /Gm /EHsc /RTC1 /MDd /GS /fp:precise /Zc:wchar_t /Zc:forScope /Yu"StdAfx.h" /Fp"Debug\KinectMain.pch" /Fo"Debug\\" /Fd"Debug\vc100.pdb" /Gd /TP /analyze- /errorReport:prompt KinectMain.cpp KinectMainDoc.cpp KinectMainView.cpp MainFrm.cpp
         MainFrm.cpp
         KinectMainView.cpp
         KinectMainDoc.cpp
         KinectMain.cpp
         코드를 생성하고 있습니다...
       ResourceCompile:
         C:\Program Files\Microsoft SDKs\Windows\v7.0A\bin\rc.exe /D _DEBUG /D _UNICODE /D UNICODE /D _AFXDLL /l"0x0412" /IDebug\ /nologo /fo"Debug\KinectMain.res" KinectMain.rc 
       ManifestResourceCompile:
         C:\Program Files\Microsoft SDKs\Windows\v7.0A\bin\rc.exe /nologo /fo"Debug\KinectMain.exe.embed.manifest.res" Debug\KinectMain_manifest.rc 
       Link:
         C:\Program Files\Microsoft Visual Studio 10.0\VC\bin\link.exe /ERRORREPORT:PROMPT /OUT:"C:\Users\kwon\Documents\GitHub\kinectHR\KinectBridgeWithOpenCVBasics-D2D\Debug\KinectMain.exe" /INCREMENTAL /NOLOGO /MANIFEST /ManifestFile:"Debug\KinectMain.exe.intermediate.manifest" /MANIFESTUAC:"level='asInvoker' uiAccess='false'" /DEBUG /PDB:"C:\Users\kwon\Documents\GitHub\kinectHR\KinectBridgeWithOpenCVBasics-D2D\Debug\KinectMain.pdb" /SUBSYSTEM:WINDOWS /TLBID:1 /ENTRY:"wWinMainCRTStartup" /DYNAMICBASE /NXCOMPAT /IMPLIB:"C:\Users\kwon\Documents\GitHub\kinectHR\KinectBridgeWithOpenCVBasics-D2D\Debug\KinectMain.lib" /MACHINE:X86 Debug\KinectMain.res
         Debug\KinectMain.exe.embed.manifest.res
         Debug\KinectMain.obj
         Debug\KinectMainDoc.obj
         Debug\KinectMainView.obj
         Debug\MainFrm.obj
         Debug\stdafx.obj
       Manifest:
         C:\Program Files\Microsoft SDKs\Windows\v7.0A\bin\mt.exe /nologo /verbose /out:"Debug\KinectMain.exe.embed.manifest" /manifest Debug\KinectMain.exe.intermediate.manifest "C:\Program Files\Microsoft Visual Studio 10.0\VC\Include\Manifest\dpiaware.manifest"
         C:\Program Files\Microsoft SDKs\Windows\v7.0A\bin\rc.exe /nologo /fo"Debug\KinectMain.exe.embed.manifest.res" Debug\KinectMain_manifest.rc 
       LinkEmbedManifest:
         C:\Program Files\Microsoft Visual Studio 10.0\VC\bin\link.exe /ERRORREPORT:PROMPT /OUT:"C:\Users\kwon\Documents\GitHub\kinectHR\KinectBridgeWithOpenCVBasics-D2D\Debug\KinectMain.exe" /INCREMENTAL /NOLOGO /MANIFEST /ManifestFile:"Debug\KinectMain.exe.intermediate.manifest" /MANIFESTUAC:"level='asInvoker' uiAccess='false'" /DEBUG /PDB:"C:\Users\kwon\Documents\GitHub\kinectHR\KinectBridgeWithOpenCVBasics-D2D\Debug\KinectMain.pdb" /SUBSYSTEM:WINDOWS /TLBID:1 /ENTRY:"wWinMainCRTStartup" /DYNAMICBASE /NXCOMPAT /IMPLIB:"C:\Users\kwon\Documents\GitHub\kinectHR\KinectBridgeWithOpenCVBasics-D2D\Debug\KinectMain.lib" /MACHINE:X86 Debug\KinectMain.res
         Debug\KinectMain.exe.embed.manifest.res
         Debug\KinectMain.obj
         Debug\KinectMainDoc.obj
         Debug\KinectMainView.obj
         Debug\MainFrm.obj
         Debug\stdafx.obj
         KinectMain.vcxproj -> C:\Users\kwon\Documents\GitHub\kinectHR\KinectBridgeWithOpenCVBasics-D2D\Debug\KinectMain.exe
       FinalizeBuildStatus:
         Deleting file "Debug\KinectMain.unsuccessfulbuild".
         Touching "Debug\KinectMain.lastbuildstate".
     1>Done Building Project "C:\Users\kwon\Documents\GitHub\kinectHR\KinectBridgeWithOpenCVBasics-D2D\KinectMain\KinectMain.vcxproj" (build target(s)).

빌드했습니다.

Time Elapsed 00:00:06.14
